{"uid":"83445c3fe57a0ff4","name":"test_signout","fullName":"test_idejongkok#test_signout","historyId":"e4c8aeaa301d9b0f04ee1531b7e6b9c4","time":{"start":1762163877487,"stop":1762163883054,"duration":5567},"status":"failed","statusMessage":"AssertionError: Locator expected to have text 'Welcome Back!'\nActual value: Welcome Back \nCall log:\n  - Expect \"to_have_text\" with timeout 5000ms\n  - waiting for locator(\"xpath=(//h2[@class='text-2xl font-bold text-white text-center'])\")\n    6 × locator resolved to <h2 class=\"text-2xl font-bold text-white text-center\">Welcome Back</h2>\n      - unexpected value \"Welcome Back\"","statusTrace":"setup = <Page url='https://testapp.idejongkok.com/'>\n\n    def test_signout(setup):\n    \n        #Sign in\n            with allure.step(\"Input email\"):\n                setup.locator(\"//input[@id='email']\").fill('testemail1@example.com')\n            with allure.step(\"Input password\"):\n                setup.locator(\"//input[@id='password']\").fill('testpassword')\n            with allure.step(\"Click login button\"):\n                setup.locator(\"//span[text()='Sign In']/parent::button\").click()\n    \n        #signout\n            with allure.step(\"Sign out\"):\n                setup.locator(\"//span[text()='Sign Out']/parent::button\").click()\n            with allure.step(\"Validate sign out\"):\n>               expect(setup.locator(\"(//h2[@class='text-2xl font-bold text-white text-center'])\")).to_have_text('Welcome Back!')\nE               AssertionError: Locator expected to have text 'Welcome Back!'\nE               Actual value: Welcome Back \nE               Call log:\nE                 - Expect \"to_have_text\" with timeout 5000ms\nE                 - waiting for locator(\"xpath=(//h2[@class='text-2xl font-bold text-white text-center'])\")\nE                   6 × locator resolved to <h2 class=\"text-2xl font-bold text-white text-center\">Welcome Back</h2>\nE                     - unexpected value \"Welcome Back\"\n\ntest_idejongkok.py:131: AssertionError","flaky":false,"newFailed":false,"newBroken":false,"newPassed":false,"retriesCount":1,"retriesStatusChange":true,"beforeStages":[{"name":"setup","time":{"start":1762163874755,"stop":1762163877486,"duration":2731},"status":"passed","steps":[],"attachments":[],"parameters":[],"stepsCount":0,"shouldDisplayMessage":false,"attachmentsCount":0,"hasContent":false,"attachmentStep":false}],"testStage":{"status":"failed","statusMessage":"AssertionError: Locator expected to have text 'Welcome Back!'\nActual value: Welcome Back \nCall log:\n  - Expect \"to_have_text\" with timeout 5000ms\n  - waiting for locator(\"xpath=(//h2[@class='text-2xl font-bold text-white text-center'])\")\n    6 × locator resolved to <h2 class=\"text-2xl font-bold text-white text-center\">Welcome Back</h2>\n      - unexpected value \"Welcome Back\"","statusTrace":"setup = <Page url='https://testapp.idejongkok.com/'>\n\n    def test_signout(setup):\n    \n        #Sign in\n            with allure.step(\"Input email\"):\n                setup.locator(\"//input[@id='email']\").fill('testemail1@example.com')\n            with allure.step(\"Input password\"):\n                setup.locator(\"//input[@id='password']\").fill('testpassword')\n            with allure.step(\"Click login button\"):\n                setup.locator(\"//span[text()='Sign In']/parent::button\").click()\n    \n        #signout\n            with allure.step(\"Sign out\"):\n                setup.locator(\"//span[text()='Sign Out']/parent::button\").click()\n            with allure.step(\"Validate sign out\"):\n>               expect(setup.locator(\"(//h2[@class='text-2xl font-bold text-white text-center'])\")).to_have_text('Welcome Back!')\nE               AssertionError: Locator expected to have text 'Welcome Back!'\nE               Actual value: Welcome Back \nE               Call log:\nE                 - Expect \"to_have_text\" with timeout 5000ms\nE                 - waiting for locator(\"xpath=(//h2[@class='text-2xl font-bold text-white text-center'])\")\nE                   6 × locator resolved to <h2 class=\"text-2xl font-bold text-white text-center\">Welcome Back</h2>\nE                     - unexpected value \"Welcome Back\"\n\ntest_idejongkok.py:131: AssertionError","steps":[{"name":"Input email","time":{"start":1762163877488,"stop":1762163877632,"duration":144},"status":"passed","steps":[],"attachments":[],"parameters":[],"stepsCount":0,"shouldDisplayMessage":false,"attachmentsCount":0,"hasContent":false,"attachmentStep":false},{"name":"Input password","time":{"start":1762163877632,"stop":1762163877645,"duration":13},"status":"passed","steps":[],"attachments":[],"parameters":[],"stepsCount":0,"shouldDisplayMessage":false,"attachmentsCount":0,"hasContent":false,"attachmentStep":false},{"name":"Click login button","time":{"start":1762163877645,"stop":1762163877708,"duration":63},"status":"passed","steps":[],"attachments":[],"parameters":[],"stepsCount":0,"shouldDisplayMessage":false,"attachmentsCount":0,"hasContent":false,"attachmentStep":false},{"name":"Sign out","time":{"start":1762163877708,"stop":1762163878046,"duration":338},"status":"passed","steps":[],"attachments":[],"parameters":[],"stepsCount":0,"shouldDisplayMessage":false,"attachmentsCount":0,"hasContent":false,"attachmentStep":false},{"name":"Validate sign out","time":{"start":1762163878046,"stop":1762163883053,"duration":5007},"status":"failed","statusMessage":"AssertionError: Locator expected to have text 'Welcome Back!'\nActual value: Welcome Back \nCall log:\n  - Expect \"to_have_text\" with timeout 5000ms\n  - waiting for locator(\"xpath=(//h2[@class='text-2xl font-bold text-white text-center'])\")\n    6 × locator resolved to <h2 class=\"text-2xl font-bold text-white text-center\">Welcome Back</h2>\n      - unexpected value \"Welcome Back\"\n\n","statusTrace":"  File \"/Users/gandaria/Documents/Playwright_Python_Project/test_idejongkok.py\", line 131, in test_signout\n    expect(setup.locator(\"(//h2[@class='text-2xl font-bold text-white text-center'])\")).to_have_text('Welcome Back!')\n  File \"/Users/gandaria/Documents/Playwright_Python_Project/.venv/lib/python3.11/site-packages/playwright/sync_api/_generated.py\", line 19981, in to_have_text\n    self._sync(\n  File \"/Users/gandaria/Documents/Playwright_Python_Project/.venv/lib/python3.11/site-packages/playwright/_impl/_sync_base.py\", line 115, in _sync\n    return task.result()\n           ^^^^^^^^^^^^^\n  File \"/Users/gandaria/Documents/Playwright_Python_Project/.venv/lib/python3.11/site-packages/playwright/_impl/_assertions.py\", line 559, in to_have_text\n    await self._expect_impl(\n  File \"/Users/gandaria/Documents/Playwright_Python_Project/.venv/lib/python3.11/site-packages/playwright/_impl/_assertions.py\", line 83, in _expect_impl\n    raise AssertionError(\n","steps":[],"attachments":[],"parameters":[],"stepsCount":0,"shouldDisplayMessage":true,"attachmentsCount":0,"hasContent":true,"attachmentStep":false}],"attachments":[],"parameters":[],"stepsCount":5,"shouldDisplayMessage":true,"attachmentsCount":0,"hasContent":true,"attachmentStep":false},"afterStages":[{"name":"setup::0","time":{"start":1762163883108,"stop":1762163883438,"duration":330},"status":"passed","steps":[],"attachments":[],"parameters":[],"stepsCount":0,"shouldDisplayMessage":false,"attachmentsCount":0,"hasContent":false,"attachmentStep":false}],"labels":[{"name":"suite","value":"test_idejongkok"},{"name":"host","value":"192.168.1.16"},{"name":"thread","value":"93478-MainThread"},{"name":"framework","value":"pytest"},{"name":"language","value":"cpython3"},{"name":"package","value":"test_idejongkok"},{"name":"resultFormat","value":"allure2"}],"parameters":[],"links":[],"hidden":false,"retry":false,"extra":{"severity":"normal","retries":[{"uid":"25520caba4a1f692","status":"passed","time":{"start":1762163583456,"stop":1762163584840,"duration":1384}}],"categories":[{"name":"Product defects","matchedStatuses":[]}],"tags":[]},"source":"83445c3fe57a0ff4.json","parameterValues":[]}